2025.01.02 17:59:12 INFO  Started: Metals version 1.4.2 in folders '/home/user/cadman' for client Project IDX 1.89.1.
2025.01.02 17:59:15 INFO  no build target found for /home/user/cadman/cadman/src/main/scala/Main.scala. Using presentation compiler with project's scala-library version: 3.3.4
2025.01.02 17:59:23 INFO  no build target found for /home/user/cadman/cadman/src/main/scala/Main.scala. Using presentation compiler with project's scala-library version: 3.3.4
2025.01.02 17:59:25 INFO  no build target found for /home/user/cadman/cadman/src/main/scala/Main.scala. Using presentation compiler with project's scala-library version: 3.3.4
2025.01.02 17:59:25 INFO  running '/usr/bin/sbt -Dbloop.export-jar-classifiers=sources bloopInstall'
2025.01.02 17:59:25 INFO  no build target found for /home/user/cadman/cadman/src/main/scala/Main.scala. Using presentation compiler with project's scala-library version: 3.3.4
Jan 02, 2025 5:59:25 PM org.eclipse.lsp4j.jsonrpc.RemoteEndpoint handleCancellation
WARNING: Unmatched cancel notification for request id 2
2025.01.02 17:59:25 INFO  no build target found for /home/user/cadman/cadman/src/main/scala/Main.scala. Using presentation compiler with project's scala-library version: 3.3.4
Jan 02, 2025 5:59:25 PM org.eclipse.lsp4j.jsonrpc.RemoteEndpoint handleCancellation
WARNING: Unmatched cancel notification for request id 18
Jan 02, 2025 5:59:25 PM org.eclipse.lsp4j.jsonrpc.RemoteEndpoint handleCancellation
WARNING: Unmatched cancel notification for request id 3
2025.01.02 17:59:25 INFO  no build target found for /home/user/cadman/cadman/src/main/scala/Main.scala. Using presentation compiler with project's scala-library version: 3.3.4
2025.01.02 17:59:32 ERROR [info] [launcher] getting org.scala-sbt sbt 1.10.7  (this may take some time)...
2025.01.02 17:59:40 ERROR [info] [launcher] getting Scala 2.12.20 (for sbt)...
2025.01.02 17:59:43 INFO  [info] welcome to sbt 1.10.7 (N/A Java 21.0.3)
2025.01.02 17:59:49 INFO  [info] loading settings for project cadman-build-build from metals.sbt...
2025.01.02 17:59:51 INFO  [info] loading project definition from /home/user/cadman/cadman/project/project
2025.01.02 17:59:57 INFO  [info] loading settings for project cadman-build from metals.sbt...
2025.01.02 17:59:57 INFO  [info] loading project definition from /home/user/cadman/cadman/project
2025.01.02 17:59:59 INFO  no build target found for /home/user/cadman/cadman/src/main/scala/Main.scala. Using presentation compiler with project's scala-library version: 3.3.4
2025.01.02 18:00:08 INFO  [success] Generated .bloop/cadman-build.json
2025.01.02 18:00:08 INFO  [success] Total time: 11 s, completed Jan 2, 2025, 6:00:08 PM
2025.01.02 18:00:13 INFO  [info] loading settings for project root from build.sbt...
2025.01.02 18:00:13 INFO  [info] set current project to cadman (in build file:/home/user/cadman/cadman/)
2025.01.02 18:00:19 INFO  [success] Generated .bloop/root.json
2025.01.02 18:00:19 INFO  [success] Generated .bloop/root-test.json
2025.01.02 18:00:19 INFO  [success] Total time: 5 s, completed Jan 2, 2025, 6:00:19 PM
2025.01.02 18:00:19 INFO  time: ran 'sbt bloopInstall' in 54s
2025.01.02 18:00:19 INFO  Attempting to connect to the build server...
2025.01.02 18:00:19 INFO  No running Bloop server found, starting one.
2025.01.02 18:00:25 INFO  Starting compilation server
2025.01.02 18:00:30 INFO  tracing is disabled for protocol BSP, to enable tracing of incoming and outgoing JSON messages create an empty file at /home/user/cadman/.metals/bsp.trace.json or /home/user/.cache/metals/bsp.trace.json
2025.01.02 18:00:32 INFO  time: Connected to build server in 12s
2025.01.02 18:00:32 INFO  Connected to Build server: Bloop v2.0.6
2025.01.02 18:00:33 INFO  time: Imported build in 0.43s
2025.01.02 18:00:33 INFO  running doctor check
2025.01.02 18:00:33 INFO  java targets: root-test, root
2025.01.02 18:00:51 WARN  Bloop is running with 17.0.13 but your code requires 21.0.3 to compile, this might cause some compilation issues when using JDK API unsupported by the Bloop's current JVM version
2025.01.02 18:00:54 INFO  compiling root (1 scala source)
2025.01.02 18:01:33 INFO  time: compiled root in 39s
Jan 02, 2025 6:02:19 PM org.eclipse.lsp4j.jsonrpc.services.GenericEndpoint notify
INFO: Unsupported notification method: $/setTrace
Jan 02, 2025 6:02:19 PM org.eclipse.lsp4j.jsonrpc.services.GenericEndpoint notify
INFO: Unsupported notification method: $/setTrace
Jan 02, 2025 6:02:22 PM org.eclipse.lsp4j.jsonrpc.services.GenericEndpoint notify
INFO: Unsupported notification method: $/setTrace
Jan 02, 2025 6:02:22 PM org.eclipse.lsp4j.jsonrpc.services.GenericEndpoint notify
INFO: Unsupported notification method: $/setTrace
2025.01.02 18:02:35 INFO  time: indexed workspace in 2m2s
2025.01.02 18:02:35 WARN  Bloop is running with 17.0.13 but your code requires 21.0.3 to compile, this might cause some compilation issues when using JDK API unsupported by the Bloop's current JVM version
2025.01.02 18:02:35 WARN  Bloop is running with 17.0.13 but your code requires 21.0.3 to compile, this might cause some compilation issues when using JDK API unsupported by the Bloop's current JVM version
2025.01.02 18:02:35 INFO  compiling root-test (1 scala source)
2025.01.02 18:02:42 INFO  time: compiled root-test in 6.29s
2025.01.02 18:02:42 WARN  Bloop is running with 17.0.13 but your code requires 21.0.3 to compile, this might cause some compilation issues when using JDK API unsupported by the Bloop's current JVM version
Jan 02, 2025 6:02:42 PM org.eclipse.lsp4j.jsonrpc.RemoteEndpoint handleCancellation
WARNING: Unmatched cancel notification for request id 61
2025.01.02 18:02:50 INFO  Shutting down server
2025.01.02 18:02:50 INFO  shutting down Metals
2025.01.02 18:02:50 INFO  Shut down connection with build server.
2025.01.02 18:02:50 INFO  Exiting server
2025.01.02 18:03:11 INFO  Started: Metals version 1.4.2 in folders '/home/user/cadman' for client Project IDX 1.89.1.
2025.01.02 18:03:11 INFO  time: initialize in 0.11s
2025.01.02 18:03:21 INFO  no build target found for /home/user/cadman/cadman/src/main/scala/Main.scala. Using presentation compiler with project's scala-library version: 3.3.4
2025.01.02 18:03:22 INFO  Attempting to connect to the build server...
2025.01.02 18:03:22 INFO  Found a Bloop server running
2025.01.02 18:03:23 INFO  tracing is disabled for protocol BSP, to enable tracing of incoming and outgoing JSON messages create an empty file at /home/user/cadman/.metals/bsp.trace.json or /home/user/.cache/metals/bsp.trace.json
2025.01.02 18:03:23 INFO  time: Connected to build server in 1.28s
2025.01.02 18:03:23 INFO  Connected to Build server: Bloop v2.0.6
2025.01.02 18:03:24 INFO  time: Imported build in 0.31s
2025.01.02 18:03:28 INFO  running doctor check
2025.01.02 18:03:28 INFO  java targets: root-test, root
Jan 02, 2025 6:03:32 PM org.eclipse.lsp4j.jsonrpc.RemoteEndpoint handleCancellation
WARNING: Unmatched cancel notification for request id 2
Jan 02, 2025 6:03:35 PM org.eclipse.lsp4j.jsonrpc.services.GenericEndpoint notify
INFO: Unsupported notification method: $/setTrace
Jan 02, 2025 6:03:41 PM org.eclipse.lsp4j.jsonrpc.services.GenericEndpoint notify
INFO: Unsupported notification method: $/setTrace
2025.01.02 18:03:51 INFO  time: indexed workspace in 22s
2025.01.02 18:03:51 WARN  Bloop is running with 17.0.13 but your code requires 21.0.3 to compile, this might cause some compilation issues when using JDK API unsupported by the Bloop's current JVM version
2025.01.02 18:03:51 INFO  compiling root (1 scala source)
2025.01.02 18:04:00 INFO  time: compiled root in 8.22s
2025.01.02 18:04:00 WARN  Bloop is running with 17.0.13 but your code requires 21.0.3 to compile, this might cause some compilation issues when using JDK API unsupported by the Bloop's current JVM version
2025.01.02 18:04:00 INFO  compiling root-test (1 scala source)
2025.01.02 18:04:05 INFO  time: compiled root-test in 4.34s
2025.01.02 18:04:05 WARN  Bloop is running with 17.0.13 but your code requires 21.0.3 to compile, this might cause some compilation issues when using JDK API unsupported by the Bloop's current JVM version
2025.01.03 08:33:40 INFO  Started: Metals version 1.4.2 in folders '/home/user/cadman' for client Project IDX 1.89.1.
2025.01.03 08:33:49 INFO  Attempting to connect to the build server...
2025.01.03 08:33:49 INFO  No running Bloop server found, starting one.
2025.01.03 08:33:59 INFO  Starting compilation server
2025.01.03 08:34:04 INFO  tracing is disabled for protocol BSP, to enable tracing of incoming and outgoing JSON messages create an empty file at /home/user/cadman/.metals/bsp.trace.json or /home/user/.cache/metals/bsp.trace.json
2025.01.03 08:34:06 INFO  time: Connected to build server in 16s
2025.01.03 08:34:06 INFO  Connected to Build server: Bloop v2.0.6
2025.01.03 08:34:06 INFO  time: Imported build in 0.35s
2025.01.03 08:34:06 INFO  running doctor check
2025.01.03 08:34:06 INFO  java targets: root-test, root
2025.01.03 08:34:12 INFO  Shutting down server
2025.01.03 08:34:12 INFO  shutting down Metals
2025.01.03 08:34:12 INFO  Shut down connection with build server.
2025.01.03 08:34:12 INFO  Exiting server
2025.01.03 10:55:11 INFO  Started: Metals version 1.4.2 in folders '/home/user/cadman' for client Project IDX 1.89.1.
2025.01.03 10:55:15 INFO  Attempting to connect to the build server...
2025.01.03 10:55:15 INFO  No running Bloop server found, starting one.
2025.01.03 10:55:23 INFO  Starting compilation server
2025.01.03 10:55:28 INFO  tracing is disabled for protocol BSP, to enable tracing of incoming and outgoing JSON messages create an empty file at /home/user/cadman/.metals/bsp.trace.json or /home/user/.cache/metals/bsp.trace.json
2025.01.03 10:55:30 INFO  time: Connected to build server in 14s
2025.01.03 10:55:30 INFO  Connected to Build server: Bloop v2.0.6
2025.01.03 10:55:30 INFO  time: Imported build in 0.4s
2025.01.03 10:55:30 INFO  running doctor check
2025.01.03 10:55:30 INFO  java targets: root-test, root
Jan 03, 2025 10:55:33 AM org.eclipse.lsp4j.jsonrpc.services.GenericEndpoint notify
INFO: Unsupported notification method: $/setTrace
2025.01.03 10:55:42 INFO  time: indexed workspace in 11s
